<?xml version="1.0" encoding="UTF-8" standalone="no"?>
<testsuite failures="0" name="cucumber.runtime.formatter.JUnitFormatter" skipped="0" tests="2" time="87.35799">
<testcase classname="Associate Campaign To Lead" name="Creation of Campaign" time="40.252386">
<system-out><![CDATA[Given user launch the salesforce application................................passed
Given user able to login....................................................passed
When user created the new campaign under Campaigns page.....................passed
Then the new campaign should created successfully...........................passed
]]></system-out>
</testcase>
<testcase classname="Associate Campaign To Lead" name="Create Lead and Associate Campaign to it" time="47.105604">
<system-out><![CDATA[Given user launch the salesforce application................................passed
When user able to login.....................................................passed
Then Create a lead for associate campaign...................................passed
And Associate Campaign to Lead..............................................passed
]]></system-out>
</testcase>
</testsuite>
