Feature: Associate Campaign To Lead

  Background:                                    # AssociateCampaignToLead.feature:3
    Given user launch the salesforce application # GeneralStepDefs.Launch_Inmarsat_Salesforce_Application()
    And user able to login                       # LoginStepDefs.user_able_to_login()

  @Lead @Aviation @LeadCampaignAssociation
  Scenario: Associating Campaign to Lead            # AssociateCampaignToLead.feature:9
    When the user has a existing campaign           # CampaignsStepDefs.checking_the_Existing_campaign(DataTable)
    And existing lead                               # AssociateCampaignToLeadStepDefs.existing_lead(DataTable)
    Then Campaign added to Lead                     # AssociateCampaignToLeadStepDefs.associate_campaign_to_lead()
    And Validate adding Campaign to Lead is success # AssociateCampaignToLeadStepDefs.validate_adding_campaign_to_lead_is_success()

  Background:                                    # AssociateCampaignToLead.feature:3
    Given user launch the salesforce application # GeneralStepDefs.Launch_Inmarsat_Salesforce_Application()
    And user able to login                       # LoginStepDefs.user_able_to_login()

  @Lead @Maritime @LeadCampaignAssociation
  Scenario: Associating Campaign to Lead             # AssociateCampaignToLead.feature:21
    When the user has a existing campaign            # CampaignsStepDefs.checking_the_Existing_campaign(DataTable)
    And existing lead                                # AssociateCampaignToLeadStepDefs.existing_lead(DataTable)
    Then Campaign added to Lead                      # AssociateCampaignToLeadStepDefs.associate_campaign_to_lead()
    Then Validate adding Campaign to Lead is success # AssociateCampaignToLeadStepDefs.validate_adding_campaign_to_lead_is_success()

  Background:                                    # AssociateCampaignToLead.feature:3
    Given user launch the salesforce application # GeneralStepDefs.Launch_Inmarsat_Salesforce_Application()
    And user able to login                       # LoginStepDefs.user_able_to_login()

  @Lead @Enterprise @LeadCampaignAssociation
  Scenario: Associating Campaign to Lead             # AssociateCampaignToLead.feature:32
    When the user has a existing campaign            # CampaignsStepDefs.checking_the_Existing_campaign(DataTable)
    And existing lead                                # AssociateCampaignToLeadStepDefs.existing_lead(DataTable)
    Then Campaign added to Lead                      # AssociateCampaignToLeadStepDefs.associate_campaign_to_lead()
    Then Validate adding Campaign to Lead is success # AssociateCampaignToLeadStepDefs.validate_adding_campaign_to_lead_is_success()

  Background:                                    # AssociateCampaignToLead.feature:3
    Given user launch the salesforce application # GeneralStepDefs.Launch_Inmarsat_Salesforce_Application()
    And user able to login                       # LoginStepDefs.user_able_to_login()

  @Lead @G2 @LeadCampaignAssociation
  Scenario: Associating Campaign to Lead             # AssociateCampaignToLead.feature:43
    When the user has a existing campaign            # CampaignsStepDefs.checking_the_Existing_campaign(DataTable)
    And existing lead                                # AssociateCampaignToLeadStepDefs.existing_lead(DataTable)
    Then Campaign added to Lead                      # AssociateCampaignToLeadStepDefs.associate_campaign_to_lead()
    Then Validate adding Campaign to Lead is success # AssociateCampaignToLeadStepDefs.validate_adding_campaign_to_lead_is_success()

  Background:                                    # AssociateCampaignToLead.feature:3
    Given user launch the salesforce application # GeneralStepDefs.Launch_Inmarsat_Salesforce_Application()
    And user able to login                       # LoginStepDefs.user_able_to_login()

  @Lead @USG @LeadCampaignAssociation
  Scenario: Associating Campaign to Lead             # AssociateCampaignToLead.feature:54
    When the user has a existing campaign            # CampaignsStepDefs.checking_the_Existing_campaign(DataTable)
    And existing lead                                # AssociateCampaignToLeadStepDefs.existing_lead(DataTable)
      org.openqa.selenium.TimeoutException: Expected condition failed: waiting for visibility of Proxy element for: DefaultElementLocator 'By.xpath: //span[contains(@class,'forceActionsText')]' (tried for 120 second(s) with 500 milliseconds interval)
      	at org.openqa.selenium.support.ui.WebDriverWait.timeoutException(WebDriverWait.java:113)
      	at org.openqa.selenium.support.ui.FluentWait.until(FluentWait.java:283)
      	at com.inmarsat.sfdc.pages.TestBase.WaitforElement(TestBase.java:49)
      	at com.inmarsat.sfdc.pages.LeadPage.Save(LeadPage.java:271)
      	at com.inmarsat.sfdc.stepdefinitions.AssociateCampaignToLeadStepDefs.existing_lead(AssociateCampaignToLeadStepDefs.java:67)
      	at ✽.And existing lead(AssociateCampaignToLead.feature:58)
      Caused by: org.openqa.selenium.NoSuchElementException: no such element: Unable to locate element: {"method":"xpath","selector":"//span[contains(@class,'forceActionsText')]"}
        (Session info: chrome=74.0.3729.169)
        (Driver info: chromedriver=74.0.3729.6 (255758eccf3d244491b8a1317aa76e1ce10d57e9-refs/branch-heads/3729@{#29}),platform=Windows NT 10.0.17134 x86_64) (WARNING: The server did not provide any stacktrace information)
      Command duration or timeout: 0 milliseconds
      For documentation on this error, please visit: http://seleniumhq.org/exceptions/no_such_element.html
      Build info: version: '3.14.0', revision: 'aacccce0', time: '2018-08-02T20:19:58.91Z'
      System info: host: 'QT-INBG-LT0548', ip: '10.20.12.118', os.name: 'Windows 10', os.arch: 'amd64', os.version: '10.0', java.version: '1.8.0_121'
      Driver info: org.openqa.selenium.chrome.ChromeDriver
      Capabilities {acceptInsecureCerts: false, acceptSslCerts: false, applicationCacheEnabled: false, browserConnectionEnabled: false, browserName: chrome, chrome: {chromedriverVersion: 74.0.3729.6 (255758eccf3d24..., userDataDir: C:\Users\CHIRAN~1.HEG\AppDa...}, cssSelectorsEnabled: true, databaseEnabled: false, goog:chromeOptions: {debuggerAddress: localhost:51795}, handlesAlerts: true, hasTouchScreen: false, javascriptEnabled: true, locationContextEnabled: true, mobileEmulationEnabled: false, nativeEvents: true, networkConnectionEnabled: false, pageLoadStrategy: normal, platform: XP, platformName: XP, proxy: Proxy(), rotatable: false, setWindowRect: true, strictFileInteractability: false, takesHeapSnapshot: true, takesScreenshot: true, timeouts: {implicit: 0, pageLoad: 300000, script: 30000}, unexpectedAlertBehaviour: ignore, unhandledPromptBehavior: ignore, version: 74.0.3729.169, webStorageEnabled: true}
      Session ID: b1d0072c6ada75d34b73aa8a44783b76
      *** Element info: {Using=xpath, value=//span[contains(@class,'forceActionsText')]}
      	at sun.reflect.NativeConstructorAccessorImpl.newInstance0(Native Method)
      	at sun.reflect.NativeConstructorAccessorImpl.newInstance(NativeConstructorAccessorImpl.java:62)
      	at sun.reflect.DelegatingConstructorAccessorImpl.newInstance(DelegatingConstructorAccessorImpl.java:45)
      	at java.lang.reflect.Constructor.newInstance(Constructor.java:423)
      	at org.openqa.selenium.remote.ErrorHandler.createThrowable(ErrorHandler.java:214)
      	at org.openqa.selenium.remote.ErrorHandler.throwIfResponseFailed(ErrorHandler.java:166)
      	at org.openqa.selenium.remote.http.JsonHttpResponseCodec.reconstructValue(JsonHttpResponseCodec.java:40)
      	at org.openqa.selenium.remote.http.AbstractHttpResponseCodec.decode(AbstractHttpResponseCodec.java:80)
      	at org.openqa.selenium.remote.http.AbstractHttpResponseCodec.decode(AbstractHttpResponseCodec.java:44)
      	at org.openqa.selenium.remote.HttpCommandExecutor.execute(HttpCommandExecutor.java:158)
      	at org.openqa.selenium.remote.service.DriverCommandExecutor.execute(DriverCommandExecutor.java:83)
      	at org.openqa.selenium.remote.RemoteWebDriver.execute(RemoteWebDriver.java:548)
      	at org.openqa.selenium.remote.RemoteWebDriver.findElement(RemoteWebDriver.java:322)
      	at org.openqa.selenium.remote.RemoteWebDriver.findElementByXPath(RemoteWebDriver.java:424)
      	at org.openqa.selenium.By$ByXPath.findElement(By.java:353)
      	at org.openqa.selenium.remote.RemoteWebDriver.findElement(RemoteWebDriver.java:314)
      	at org.openqa.selenium.support.pagefactory.DefaultElementLocator.findElement(DefaultElementLocator.java:69)
      	at org.openqa.selenium.support.pagefactory.internal.LocatingElementHandler.invoke(LocatingElementHandler.java:38)
      	at com.sun.proxy.$Proxy25.isDisplayed(Unknown Source)
      	at org.openqa.selenium.support.ui.ExpectedConditions.elementIfVisible(ExpectedConditions.java:315)
      	at org.openqa.selenium.support.ui.ExpectedConditions.access$100(ExpectedConditions.java:44)
      	at org.openqa.selenium.support.ui.ExpectedConditions$10.apply(ExpectedConditions.java:301)
      	at org.openqa.selenium.support.ui.ExpectedConditions$10.apply(ExpectedConditions.java:298)
      	at org.openqa.selenium.support.ui.FluentWait.until(FluentWait.java:260)
      	at com.inmarsat.sfdc.pages.TestBase.WaitforElement(TestBase.java:49)
      	at com.inmarsat.sfdc.pages.LeadPage.Save(LeadPage.java:271)
      	at com.inmarsat.sfdc.stepdefinitions.AssociateCampaignToLeadStepDefs.existing_lead(AssociateCampaignToLeadStepDefs.java:67)
      	at sun.reflect.NativeMethodAccessorImpl.invoke0(Native Method)
      	at sun.reflect.NativeMethodAccessorImpl.invoke(NativeMethodAccessorImpl.java:62)
      	at sun.reflect.DelegatingMethodAccessorImpl.invoke(DelegatingMethodAccessorImpl.java:43)
      	at java.lang.reflect.Method.invoke(Method.java:498)
      	at cucumber.runtime.Utils$1.call(Utils.java:40)
      	at cucumber.runtime.Timeout.timeout(Timeout.java:16)
      	at cucumber.runtime.Utils.invoke(Utils.java:34)
      	at cucumber.runtime.java.JavaStepDefinition.execute(JavaStepDefinition.java:38)
      	at cucumber.runtime.StepDefinitionMatch.runStep(StepDefinitionMatch.java:37)
      	at cucumber.runtime.Runtime.runStep(Runtime.java:300)
      	at cucumber.runtime.model.StepContainer.runStep(StepContainer.java:44)
      	at cucumber.runtime.model.StepContainer.runSteps(StepContainer.java:39)
      	at cucumber.runtime.model.CucumberScenario.run(CucumberScenario.java:44)
      	at cucumber.runtime.model.CucumberFeature.run(CucumberFeature.java:165)
      	at cucumber.api.testng.TestNGCucumberRunner.runCucumber(TestNGCucumberRunner.java:63)
      	at cucumber.api.testng.AbstractTestNGCucumberTests.feature(AbstractTestNGCucumberTests.java:21)
      	at sun.reflect.NativeMethodAccessorImpl.invoke0(Native Method)
      	at sun.reflect.NativeMethodAccessorImpl.invoke(NativeMethodAccessorImpl.java:62)
      	at sun.reflect.DelegatingMethodAccessorImpl.invoke(DelegatingMethodAccessorImpl.java:43)
      	at java.lang.reflect.Method.invoke(Method.java:498)
      	at org.testng.internal.MethodInvocationHelper.invokeMethod(MethodInvocationHelper.java:108)
      	at org.testng.internal.Invoker.invokeMethod(Invoker.java:661)
      	at org.testng.internal.Invoker.invokeTestMethod(Invoker.java:869)
      	at org.testng.internal.Invoker.invokeTestMethods(Invoker.java:1193)
      	at org.testng.internal.TestMethodWorker.invokeTestMethods(TestMethodWorker.java:126)
      	at org.testng.internal.TestMethodWorker.run(TestMethodWorker.java:109)
      	at org.testng.TestRunner.privateRun(TestRunner.java:744)
      	at org.testng.TestRunner.run(TestRunner.java:602)
      	at org.testng.SuiteRunner.runTest(SuiteRunner.java:380)
      	at org.testng.SuiteRunner.access$000(SuiteRunner.java:39)
      	at org.testng.SuiteRunner$SuiteWorker.run(SuiteRunner.java:414)
      	at org.testng.internal.thread.ThreadUtil$1.call(ThreadUtil.java:52)
      	at java.util.concurrent.FutureTask.run(FutureTask.java:266)
      	at java.util.concurrent.ThreadPoolExecutor.runWorker(ThreadPoolExecutor.java:1142)
      	at java.util.concurrent.ThreadPoolExecutor$Worker.run(ThreadPoolExecutor.java:617)
      	at java.lang.Thread.run(Thread.java:745)

    Then Campaign added to Lead                      # AssociateCampaignToLeadStepDefs.associate_campaign_to_lead()
    Then Validate adding Campaign to Lead is success # AssociateCampaignToLeadStepDefs.validate_adding_campaign_to_lead_is_success()
Feature: Lead Creation, Updation, Conversion and Deletion

  Background:                                    # Lead.feature:3
    Given user launch the salesforce application # GeneralStepDefs.Launch_Inmarsat_Salesforce_Application()

  ###
  ### All BU's Lead Creation
  ###
  @Lead @Aviation @LeadCreation @AviationLeadCreation
  Scenario: Creation of Lead                         # Lead.feature:14
    When user able to login                          # LoginStepDefs.user_able_to_login()
    #And the user is a ABU Profile group member
    Then user created the 'New Lead' under lead page # LeadStepDefs.create_lead(DataTable)
    And logout the Application                       # LoginStepDefs.i_logout()

  Background:                                    # Lead.feature:3
    Given user launch the salesforce application # GeneralStepDefs.Launch_Inmarsat_Salesforce_Application()

  @Lead @Maritime @LeadCreation @MaritimeLeadCreation
  Scenario: Creation of Lead                         # Lead.feature:26
    When user able to login                          # LoginStepDefs.user_able_to_login()
    #And the user is a ABU Profile group member
    Then user created the 'New Lead' under lead page # LeadStepDefs.create_lead(DataTable)
    And logout the Application                       # LoginStepDefs.i_logout()

  Background:                                    # Lead.feature:3
    Given user launch the salesforce application # GeneralStepDefs.Launch_Inmarsat_Salesforce_Application()

  @Lead @Enterprise @LeadCreation @EnterpriseLeadCreation
  Scenario: Creation of Lead                         # Lead.feature:38
    When user able to login                          # LoginStepDefs.user_able_to_login()
    #And the user is a ABU Profile group member
    Then user created the 'New Lead' under lead page # LeadStepDefs.create_lead(DataTable)
    And logout the Application                       # LoginStepDefs.i_logout()

  Background:                                    # Lead.feature:3
    Given user launch the salesforce application # GeneralStepDefs.Launch_Inmarsat_Salesforce_Application()

  @Lead @G2 @LeadCreation @G2LeadCreation
  Scenario: Creation of Lead                         # Lead.feature:50
    When user able to login                          # LoginStepDefs.user_able_to_login()
    #And the user is a ABU Profile group member
    Then user created the 'New Lead' under lead page # LeadStepDefs.create_lead(DataTable)
    And logout the Application                       # LoginStepDefs.i_logout()

  Background:                                    # Lead.feature:3
    Given user launch the salesforce application # GeneralStepDefs.Launch_Inmarsat_Salesforce_Application()

  ###
  ### All BU's Lead Updation
  ###
  @Lead @Aviation @LeadUpdation @AviationLeadUpdation
  Scenario: Updation of Lead                              # Lead.feature:66
    When user able to login                               # LoginStepDefs.user_able_to_login()
    #And the user is a ABU Profile group member
    Then user created the 'New Lead' under lead page      # LeadStepDefs.create_lead(DataTable)
    Then able to 'Edit the Lead' information successfully # LeadStepDefs.edit_the_lead_information()
    And logout the Application                            # LoginStepDefs.i_logout()

  Background:                                    # Lead.feature:3
    Given user launch the salesforce application # GeneralStepDefs.Launch_Inmarsat_Salesforce_Application()

  @Lead @Maritime @LeadUpdation @MaritimeLeadUpdation
  Scenario: Updation of Lead                              # Lead.feature:79
    When user able to login                               # LoginStepDefs.user_able_to_login()
    #And the user is a ABU Profile group member
    Then user created the 'New Lead' under lead page      # LeadStepDefs.create_lead(DataTable)
    Then able to 'Edit the Lead' information successfully # LeadStepDefs.edit_the_lead_information()
    And logout the Application                            # LoginStepDefs.i_logout()

  Background:                                    # Lead.feature:3
    Given user launch the salesforce application # GeneralStepDefs.Launch_Inmarsat_Salesforce_Application()

  @Lead @Enterprise @LeadUpdation @EnterpriseLeadUpdation
  Scenario: Updation of Lead                              # Lead.feature:92
    When user able to login                               # LoginStepDefs.user_able_to_login()
    #And the user is a ABU Profile group member
    Then user created the 'New Lead' under lead page      # LeadStepDefs.create_lead(DataTable)
    Then able to 'Edit the Lead' information successfully # LeadStepDefs.edit_the_lead_information()
    And logout the Application                            # LoginStepDefs.i_logout()

  Background:                                    # Lead.feature:3
    Given user launch the salesforce application # GeneralStepDefs.Launch_Inmarsat_Salesforce_Application()

  @Lead @G2 @LeadUpdation @G2LeadUpdation
  Scenario: Updation of Lead                              # Lead.feature:105
    When user able to login                               # LoginStepDefs.user_able_to_login()
    #And the user is a ABU Profile group member
    Then user created the 'New Lead' under lead page      # LeadStepDefs.create_lead(DataTable)
    Then able to 'Edit the Lead' information successfully # LeadStepDefs.edit_the_lead_information()
    And logout the Application                            # LoginStepDefs.i_logout()

  Background:                                    # Lead.feature:3
    Given user launch the salesforce application # GeneralStepDefs.Launch_Inmarsat_Salesforce_Application()

  ###
  ### All BU's Lead Deletion
  ###
  @Lead @Aviation @LeadDeletion @AviationLeadDeletion
  Scenario: Deletion of Lead                         # Lead.feature:122
    When user able to login                          # LoginStepDefs.user_able_to_login()
    #And the user is a ABU Profile group member
    Then user created the 'New Lead' under lead page # LeadStepDefs.create_lead(DataTable)
    Then able to 'Delete the Lead' successfully      # LeadStepDefs.delete_the_lead()
    And logout the Application                       # LoginStepDefs.i_logout()

  Background:                                    # Lead.feature:3
    Given user launch the salesforce application # GeneralStepDefs.Launch_Inmarsat_Salesforce_Application()

  @Lead @Maritime @LeadDeletion @MaritimeLeadDeletion
  Scenario: Deletion of Lead                         # Lead.feature:135
    When user able to login                          # LoginStepDefs.user_able_to_login()
    #And the user is a ABU Profile group member
    Then user created the 'New Lead' under lead page # LeadStepDefs.create_lead(DataTable)
    Then able to 'Delete the Lead' successfully      # LeadStepDefs.delete_the_lead()
    And logout the Application                       # LoginStepDefs.i_logout()

  Background:                                    # Lead.feature:3
    Given user launch the salesforce application # GeneralStepDefs.Launch_Inmarsat_Salesforce_Application()

  @Lead @Enterprise @LeadDeletion @EnterpriseLeadDeletion
  Scenario: Deletion of Lead                         # Lead.feature:148
    When user able to login                          # LoginStepDefs.user_able_to_login()
    #And the user is a ABU Profile group member
    Then user created the 'New Lead' under lead page # LeadStepDefs.create_lead(DataTable)
    Then able to 'Delete the Lead' successfully      # LeadStepDefs.delete_the_lead()
    And logout the Application                       # LoginStepDefs.i_logout()

  Background:                                    # Lead.feature:3
    Given user launch the salesforce application # GeneralStepDefs.Launch_Inmarsat_Salesforce_Application()

  @Lead @G2 @LeadDeletion @G2LeadDeletion
  Scenario: Deletion of Lead                         # Lead.feature:161
    When user able to login                          # LoginStepDefs.user_able_to_login()
    #And the user is a ABU Profile group member
    Then user created the 'New Lead' under lead page # LeadStepDefs.create_lead(DataTable)
    Then able to 'Delete the Lead' successfully      # LeadStepDefs.delete_the_lead()
    And logout the Application                       # LoginStepDefs.i_logout()

  Background:                                    # Lead.feature:3
    Given user launch the salesforce application # GeneralStepDefs.Launch_Inmarsat_Salesforce_Application()

  ###
  ### All BU's Lead Conversion
  ###
  @Lead @Aviation @LeadConversion @AviationLeadConversion
  Scenario: Conversion of Lead                       # Lead.feature:178
    When user able to login                          # LoginStepDefs.user_able_to_login()
    #And the user is a ABU Profile group member
    Then user created the 'New Lead' under lead page # LeadStepDefs.create_lead(DataTable)
    And able to 'convert the lead'                   # LeadStepDefs.i_click_on_converted_button()
      org.openqa.selenium.TimeoutException: Expected condition failed: waiting for visibility of Proxy element for: DefaultElementLocator 'By.xpath: //span[@class='uiOutputText'][text()='Your lead has been converted']' (tried for 120 second(s) with 500 milliseconds interval)
      	at org.openqa.selenium.support.ui.WebDriverWait.timeoutException(WebDriverWait.java:113)
      	at org.openqa.selenium.support.ui.FluentWait.until(FluentWait.java:283)
      	at com.inmarsat.sfdc.pages.TestBase.WaitforElement(TestBase.java:49)
      	at com.inmarsat.sfdc.pages.LeadPage.clickConvertButton(LeadPage.java:427)
      	at com.inmarsat.sfdc.stepdefinitions.LeadStepDefs.i_click_on_converted_button(LeadStepDefs.java:77)
      	at ✽.And able to 'convert the lead'(Lead.feature:184)
      Caused by: org.openqa.selenium.NoSuchElementException: no such element: Unable to locate element: {"method":"xpath","selector":"//span[@class='uiOutputText'][text()='Your lead has been converted']"}
        (Session info: chrome=74.0.3729.169)
        (Driver info: chromedriver=74.0.3729.6 (255758eccf3d244491b8a1317aa76e1ce10d57e9-refs/branch-heads/3729@{#29}),platform=Windows NT 10.0.17134 x86_64) (WARNING: The server did not provide any stacktrace information)
      Command duration or timeout: 0 milliseconds
      For documentation on this error, please visit: http://seleniumhq.org/exceptions/no_such_element.html
      Build info: version: '3.14.0', revision: 'aacccce0', time: '2018-08-02T20:19:58.91Z'
      System info: host: 'QT-INBG-LT0548', ip: '10.20.12.118', os.name: 'Windows 10', os.arch: 'amd64', os.version: '10.0', java.version: '1.8.0_121'
      Driver info: org.openqa.selenium.chrome.ChromeDriver
      Capabilities {acceptInsecureCerts: false, acceptSslCerts: false, applicationCacheEnabled: false, browserConnectionEnabled: false, browserName: chrome, chrome: {chromedriverVersion: 74.0.3729.6 (255758eccf3d24..., userDataDir: C:\Users\CHIRAN~1.HEG\AppDa...}, cssSelectorsEnabled: true, databaseEnabled: false, goog:chromeOptions: {debuggerAddress: localhost:54209}, handlesAlerts: true, hasTouchScreen: false, javascriptEnabled: true, locationContextEnabled: true, mobileEmulationEnabled: false, nativeEvents: true, networkConnectionEnabled: false, pageLoadStrategy: normal, platform: XP, platformName: XP, proxy: Proxy(), rotatable: false, setWindowRect: true, strictFileInteractability: false, takesHeapSnapshot: true, takesScreenshot: true, timeouts: {implicit: 0, pageLoad: 300000, script: 30000}, unexpectedAlertBehaviour: ignore, unhandledPromptBehavior: ignore, version: 74.0.3729.169, webStorageEnabled: true}
      Session ID: ddef9f1f0ce2100299e34bc46bd5433e
      *** Element info: {Using=xpath, value=//span[@class='uiOutputText'][text()='Your lead has been converted']}
      	at sun.reflect.GeneratedConstructorAccessor61.newInstance(Unknown Source)
      	at sun.reflect.DelegatingConstructorAccessorImpl.newInstance(DelegatingConstructorAccessorImpl.java:45)
      	at java.lang.reflect.Constructor.newInstance(Constructor.java:423)
      	at org.openqa.selenium.remote.ErrorHandler.createThrowable(ErrorHandler.java:214)
      	at org.openqa.selenium.remote.ErrorHandler.throwIfResponseFailed(ErrorHandler.java:166)
      	at org.openqa.selenium.remote.http.JsonHttpResponseCodec.reconstructValue(JsonHttpResponseCodec.java:40)
      	at org.openqa.selenium.remote.http.AbstractHttpResponseCodec.decode(AbstractHttpResponseCodec.java:80)
      	at org.openqa.selenium.remote.http.AbstractHttpResponseCodec.decode(AbstractHttpResponseCodec.java:44)
      	at org.openqa.selenium.remote.HttpCommandExecutor.execute(HttpCommandExecutor.java:158)
      	at org.openqa.selenium.remote.service.DriverCommandExecutor.execute(DriverCommandExecutor.java:83)
      	at org.openqa.selenium.remote.RemoteWebDriver.execute(RemoteWebDriver.java:548)
      	at org.openqa.selenium.remote.RemoteWebDriver.findElement(RemoteWebDriver.java:322)
      	at org.openqa.selenium.remote.RemoteWebDriver.findElementByXPath(RemoteWebDriver.java:424)
      	at org.openqa.selenium.By$ByXPath.findElement(By.java:353)
      	at org.openqa.selenium.remote.RemoteWebDriver.findElement(RemoteWebDriver.java:314)
      	at org.openqa.selenium.support.pagefactory.DefaultElementLocator.findElement(DefaultElementLocator.java:69)
      	at org.openqa.selenium.support.pagefactory.internal.LocatingElementHandler.invoke(LocatingElementHandler.java:38)
      	at com.sun.proxy.$Proxy25.isDisplayed(Unknown Source)
      	at org.openqa.selenium.support.ui.ExpectedConditions.elementIfVisible(ExpectedConditions.java:315)
      	at org.openqa.selenium.support.ui.ExpectedConditions.access$100(ExpectedConditions.java:44)
      	at org.openqa.selenium.support.ui.ExpectedConditions$10.apply(ExpectedConditions.java:301)
      	at org.openqa.selenium.support.ui.ExpectedConditions$10.apply(ExpectedConditions.java:298)
      	at org.openqa.selenium.support.ui.FluentWait.until(FluentWait.java:260)
      	at com.inmarsat.sfdc.pages.TestBase.WaitforElement(TestBase.java:49)
      	at com.inmarsat.sfdc.pages.LeadPage.clickConvertButton(LeadPage.java:427)
      	at com.inmarsat.sfdc.stepdefinitions.LeadStepDefs.i_click_on_converted_button(LeadStepDefs.java:77)
      	at sun.reflect.NativeMethodAccessorImpl.invoke0(Native Method)
      	at sun.reflect.NativeMethodAccessorImpl.invoke(NativeMethodAccessorImpl.java:62)
      	at sun.reflect.DelegatingMethodAccessorImpl.invoke(DelegatingMethodAccessorImpl.java:43)
      	at java.lang.reflect.Method.invoke(Method.java:498)
      	at cucumber.runtime.Utils$1.call(Utils.java:40)
      	at cucumber.runtime.Timeout.timeout(Timeout.java:16)
      	at cucumber.runtime.Utils.invoke(Utils.java:34)
      	at cucumber.runtime.java.JavaStepDefinition.execute(JavaStepDefinition.java:38)
      	at cucumber.runtime.StepDefinitionMatch.runStep(StepDefinitionMatch.java:37)
      	at cucumber.runtime.Runtime.runStep(Runtime.java:300)
      	at cucumber.runtime.model.StepContainer.runStep(StepContainer.java:44)
      	at cucumber.runtime.model.StepContainer.runSteps(StepContainer.java:39)
      	at cucumber.runtime.model.CucumberScenario.run(CucumberScenario.java:44)
      	at cucumber.runtime.model.CucumberFeature.run(CucumberFeature.java:165)
      	at cucumber.api.testng.TestNGCucumberRunner.runCucumber(TestNGCucumberRunner.java:63)
      	at cucumber.api.testng.AbstractTestNGCucumberTests.feature(AbstractTestNGCucumberTests.java:21)
      	at sun.reflect.NativeMethodAccessorImpl.invoke0(Native Method)
      	at sun.reflect.NativeMethodAccessorImpl.invoke(NativeMethodAccessorImpl.java:62)
      	at sun.reflect.DelegatingMethodAccessorImpl.invoke(DelegatingMethodAccessorImpl.java:43)
      	at java.lang.reflect.Method.invoke(Method.java:498)
      	at org.testng.internal.MethodInvocationHelper.invokeMethod(MethodInvocationHelper.java:108)
      	at org.testng.internal.Invoker.invokeMethod(Invoker.java:661)
      	at org.testng.internal.Invoker.invokeTestMethod(Invoker.java:869)
      	at org.testng.internal.Invoker.invokeTestMethods(Invoker.java:1193)
      	at org.testng.internal.TestMethodWorker.invokeTestMethods(TestMethodWorker.java:126)
      	at org.testng.internal.TestMethodWorker.run(TestMethodWorker.java:109)
      	at org.testng.TestRunner.privateRun(TestRunner.java:744)
      	at org.testng.TestRunner.run(TestRunner.java:602)
      	at org.testng.SuiteRunner.runTest(SuiteRunner.java:380)
      	at org.testng.SuiteRunner.access$000(SuiteRunner.java:39)
      	at org.testng.SuiteRunner$SuiteWorker.run(SuiteRunner.java:414)
      	at org.testng.internal.thread.ThreadUtil$1.call(ThreadUtil.java:52)
      	at java.util.concurrent.FutureTask.run(FutureTask.java:266)
      	at java.util.concurrent.ThreadPoolExecutor.runWorker(ThreadPoolExecutor.java:1142)
      	at java.util.concurrent.ThreadPoolExecutor$Worker.run(ThreadPoolExecutor.java:617)
      	at java.lang.Thread.run(Thread.java:745)

    And logout the Application                       # LoginStepDefs.i_logout()

  Background:                                    # Lead.feature:3
    Given user launch the salesforce application # GeneralStepDefs.Launch_Inmarsat_Salesforce_Application()

  @Lead @Maritime @LeadConversion @MaritimeLeadConversion
  Scenario: Conversion of Lead                       # Lead.feature:191
    When user able to login                          # LoginStepDefs.user_able_to_login()
    #And the user is a ABU Profile group member
    Then user created the 'New Lead' under lead page # LeadStepDefs.create_lead(DataTable)
    And able to 'convert the lead'                   # LeadStepDefs.i_click_on_converted_button()
      org.openqa.selenium.TimeoutException: Expected condition failed: waiting for visibility of Proxy element for: DefaultElementLocator 'By.xpath: //span[@class='uiOutputText'][text()='Your lead has been converted']' (tried for 120 second(s) with 500 milliseconds interval)
      	at org.openqa.selenium.support.ui.WebDriverWait.timeoutException(WebDriverWait.java:113)
      	at org.openqa.selenium.support.ui.FluentWait.until(FluentWait.java:283)
      	at com.inmarsat.sfdc.pages.TestBase.WaitforElement(TestBase.java:49)
      	at com.inmarsat.sfdc.pages.LeadPage.clickConvertButton(LeadPage.java:427)
      	at com.inmarsat.sfdc.stepdefinitions.LeadStepDefs.i_click_on_converted_button(LeadStepDefs.java:77)
      	at ✽.And able to 'convert the lead'(Lead.feature:197)
      Caused by: org.openqa.selenium.NoSuchElementException: no such element: Unable to locate element: {"method":"xpath","selector":"//span[@class='uiOutputText'][text()='Your lead has been converted']"}
        (Session info: chrome=74.0.3729.169)
        (Driver info: chromedriver=74.0.3729.6 (255758eccf3d244491b8a1317aa76e1ce10d57e9-refs/branch-heads/3729@{#29}),platform=Windows NT 10.0.17134 x86_64) (WARNING: The server did not provide any stacktrace information)
      Command duration or timeout: 0 milliseconds
      For documentation on this error, please visit: http://seleniumhq.org/exceptions/no_such_element.html
      Build info: version: '3.14.0', revision: 'aacccce0', time: '2018-08-02T20:19:58.91Z'
      System info: host: 'QT-INBG-LT0548', ip: '10.20.12.118', os.name: 'Windows 10', os.arch: 'amd64', os.version: '10.0', java.version: '1.8.0_121'
      Driver info: org.openqa.selenium.chrome.ChromeDriver
      Capabilities {acceptInsecureCerts: false, acceptSslCerts: false, applicationCacheEnabled: false, browserConnectionEnabled: false, browserName: chrome, chrome: {chromedriverVersion: 74.0.3729.6 (255758eccf3d24..., userDataDir: C:\Users\CHIRAN~1.HEG\AppDa...}, cssSelectorsEnabled: true, databaseEnabled: false, goog:chromeOptions: {debuggerAddress: localhost:54506}, handlesAlerts: true, hasTouchScreen: false, javascriptEnabled: true, locationContextEnabled: true, mobileEmulationEnabled: false, nativeEvents: true, networkConnectionEnabled: false, pageLoadStrategy: normal, platform: XP, platformName: XP, proxy: Proxy(), rotatable: false, setWindowRect: true, strictFileInteractability: false, takesHeapSnapshot: true, takesScreenshot: true, timeouts: {implicit: 0, pageLoad: 300000, script: 30000}, unexpectedAlertBehaviour: ignore, unhandledPromptBehavior: ignore, version: 74.0.3729.169, webStorageEnabled: true}
      Session ID: 5ff769e9c480364ce6ead18ca7a83515
      *** Element info: {Using=xpath, value=//span[@class='uiOutputText'][text()='Your lead has been converted']}
      	at sun.reflect.GeneratedConstructorAccessor61.newInstance(Unknown Source)
      	at sun.reflect.DelegatingConstructorAccessorImpl.newInstance(DelegatingConstructorAccessorImpl.java:45)
      	at java.lang.reflect.Constructor.newInstance(Constructor.java:423)
      	at org.openqa.selenium.remote.ErrorHandler.createThrowable(ErrorHandler.java:214)
      	at org.openqa.selenium.remote.ErrorHandler.throwIfResponseFailed(ErrorHandler.java:166)
      	at org.openqa.selenium.remote.http.JsonHttpResponseCodec.reconstructValue(JsonHttpResponseCodec.java:40)
      	at org.openqa.selenium.remote.http.AbstractHttpResponseCodec.decode(AbstractHttpResponseCodec.java:80)
      	at org.openqa.selenium.remote.http.AbstractHttpResponseCodec.decode(AbstractHttpResponseCodec.java:44)
      	at org.openqa.selenium.remote.HttpCommandExecutor.execute(HttpCommandExecutor.java:158)
      	at org.openqa.selenium.remote.service.DriverCommandExecutor.execute(DriverCommandExecutor.java:83)
      	at org.openqa.selenium.remote.RemoteWebDriver.execute(RemoteWebDriver.java:548)
      	at org.openqa.selenium.remote.RemoteWebDriver.findElement(RemoteWebDriver.java:322)
      	at org.openqa.selenium.remote.RemoteWebDriver.findElementByXPath(RemoteWebDriver.java:424)
      	at org.openqa.selenium.By$ByXPath.findElement(By.java:353)
      	at org.openqa.selenium.remote.RemoteWebDriver.findElement(RemoteWebDriver.java:314)
      	at org.openqa.selenium.support.pagefactory.DefaultElementLocator.findElement(DefaultElementLocator.java:69)
      	at org.openqa.selenium.support.pagefactory.internal.LocatingElementHandler.invoke(LocatingElementHandler.java:38)
      	at com.sun.proxy.$Proxy25.isDisplayed(Unknown Source)
      	at org.openqa.selenium.support.ui.ExpectedConditions.elementIfVisible(ExpectedConditions.java:315)
      	at org.openqa.selenium.support.ui.ExpectedConditions.access$100(ExpectedConditions.java:44)
      	at org.openqa.selenium.support.ui.ExpectedConditions$10.apply(ExpectedConditions.java:301)
      	at org.openqa.selenium.support.ui.ExpectedConditions$10.apply(ExpectedConditions.java:298)
      	at org.openqa.selenium.support.ui.FluentWait.until(FluentWait.java:260)
      	at com.inmarsat.sfdc.pages.TestBase.WaitforElement(TestBase.java:49)
      	at com.inmarsat.sfdc.pages.LeadPage.clickConvertButton(LeadPage.java:427)
      	at com.inmarsat.sfdc.stepdefinitions.LeadStepDefs.i_click_on_converted_button(LeadStepDefs.java:77)
      	at sun.reflect.NativeMethodAccessorImpl.invoke0(Native Method)
      	at sun.reflect.NativeMethodAccessorImpl.invoke(NativeMethodAccessorImpl.java:62)
      	at sun.reflect.DelegatingMethodAccessorImpl.invoke(DelegatingMethodAccessorImpl.java:43)
      	at java.lang.reflect.Method.invoke(Method.java:498)
      	at cucumber.runtime.Utils$1.call(Utils.java:40)
      	at cucumber.runtime.Timeout.timeout(Timeout.java:16)
      	at cucumber.runtime.Utils.invoke(Utils.java:34)
      	at cucumber.runtime.java.JavaStepDefinition.execute(JavaStepDefinition.java:38)
      	at cucumber.runtime.StepDefinitionMatch.runStep(StepDefinitionMatch.java:37)
      	at cucumber.runtime.Runtime.runStep(Runtime.java:300)
      	at cucumber.runtime.model.StepContainer.runStep(StepContainer.java:44)
      	at cucumber.runtime.model.StepContainer.runSteps(StepContainer.java:39)
      	at cucumber.runtime.model.CucumberScenario.run(CucumberScenario.java:44)
      	at cucumber.runtime.model.CucumberFeature.run(CucumberFeature.java:165)
      	at cucumber.api.testng.TestNGCucumberRunner.runCucumber(TestNGCucumberRunner.java:63)
      	at cucumber.api.testng.AbstractTestNGCucumberTests.feature(AbstractTestNGCucumberTests.java:21)
      	at sun.reflect.NativeMethodAccessorImpl.invoke0(Native Method)
      	at sun.reflect.NativeMethodAccessorImpl.invoke(NativeMethodAccessorImpl.java:62)
      	at sun.reflect.DelegatingMethodAccessorImpl.invoke(DelegatingMethodAccessorImpl.java:43)
      	at java.lang.reflect.Method.invoke(Method.java:498)
      	at org.testng.internal.MethodInvocationHelper.invokeMethod(MethodInvocationHelper.java:108)
      	at org.testng.internal.Invoker.invokeMethod(Invoker.java:661)
      	at org.testng.internal.Invoker.invokeTestMethod(Invoker.java:869)
      	at org.testng.internal.Invoker.invokeTestMethods(Invoker.java:1193)
      	at org.testng.internal.TestMethodWorker.invokeTestMethods(TestMethodWorker.java:126)
      	at org.testng.internal.TestMethodWorker.run(TestMethodWorker.java:109)
      	at org.testng.TestRunner.privateRun(TestRunner.java:744)
      	at org.testng.TestRunner.run(TestRunner.java:602)
      	at org.testng.SuiteRunner.runTest(SuiteRunner.java:380)
      	at org.testng.SuiteRunner.access$000(SuiteRunner.java:39)
      	at org.testng.SuiteRunner$SuiteWorker.run(SuiteRunner.java:414)
      	at org.testng.internal.thread.ThreadUtil$1.call(ThreadUtil.java:52)
      	at java.util.concurrent.FutureTask.run(FutureTask.java:266)
      	at java.util.concurrent.ThreadPoolExecutor.runWorker(ThreadPoolExecutor.java:1142)
      	at java.util.concurrent.ThreadPoolExecutor$Worker.run(ThreadPoolExecutor.java:617)
      	at java.lang.Thread.run(Thread.java:745)

    And logout the Application                       # LoginStepDefs.i_logout()

  Background:                                    # Lead.feature:3
    Given user launch the salesforce application # GeneralStepDefs.Launch_Inmarsat_Salesforce_Application()

  @Lead @Enterprise @LeadConversion @EnterpriseLeadConversion
  Scenario: Conversion of Lead                       # Lead.feature:204
    When user able to login                          # LoginStepDefs.user_able_to_login()
    #And the user is a ABU Profile group member
    Then user created the 'New Lead' under lead page # LeadStepDefs.create_lead(DataTable)
    And able to 'convert the lead'                   # LeadStepDefs.i_click_on_converted_button()
      org.openqa.selenium.TimeoutException: Expected condition failed: waiting for visibility of Proxy element for: DefaultElementLocator 'By.xpath: //span[@class='uiOutputText'][text()='Your lead has been converted']' (tried for 120 second(s) with 500 milliseconds interval)
      	at org.openqa.selenium.support.ui.WebDriverWait.timeoutException(WebDriverWait.java:113)
      	at org.openqa.selenium.support.ui.FluentWait.until(FluentWait.java:283)
      	at com.inmarsat.sfdc.pages.TestBase.WaitforElement(TestBase.java:49)
      	at com.inmarsat.sfdc.pages.LeadPage.clickConvertButton(LeadPage.java:427)
      	at com.inmarsat.sfdc.stepdefinitions.LeadStepDefs.i_click_on_converted_button(LeadStepDefs.java:77)
      	at ✽.And able to 'convert the lead'(Lead.feature:210)
      Caused by: org.openqa.selenium.NoSuchElementException: no such element: Unable to locate element: {"method":"xpath","selector":"//span[@class='uiOutputText'][text()='Your lead has been converted']"}
        (Session info: chrome=74.0.3729.169)
        (Driver info: chromedriver=74.0.3729.6 (255758eccf3d244491b8a1317aa76e1ce10d57e9-refs/branch-heads/3729@{#29}),platform=Windows NT 10.0.17134 x86_64) (WARNING: The server did not provide any stacktrace information)
      Command duration or timeout: 0 milliseconds
      For documentation on this error, please visit: http://seleniumhq.org/exceptions/no_such_element.html
      Build info: version: '3.14.0', revision: 'aacccce0', time: '2018-08-02T20:19:58.91Z'
      System info: host: 'QT-INBG-LT0548', ip: '10.20.12.118', os.name: 'Windows 10', os.arch: 'amd64', os.version: '10.0', java.version: '1.8.0_121'
      Driver info: org.openqa.selenium.chrome.ChromeDriver
      Capabilities {acceptInsecureCerts: false, acceptSslCerts: false, applicationCacheEnabled: false, browserConnectionEnabled: false, browserName: chrome, chrome: {chromedriverVersion: 74.0.3729.6 (255758eccf3d24..., userDataDir: C:\Users\CHIRAN~1.HEG\AppDa...}, cssSelectorsEnabled: true, databaseEnabled: false, goog:chromeOptions: {debuggerAddress: localhost:54821}, handlesAlerts: true, hasTouchScreen: false, javascriptEnabled: true, locationContextEnabled: true, mobileEmulationEnabled: false, nativeEvents: true, networkConnectionEnabled: false, pageLoadStrategy: normal, platform: XP, platformName: XP, proxy: Proxy(), rotatable: false, setWindowRect: true, strictFileInteractability: false, takesHeapSnapshot: true, takesScreenshot: true, timeouts: {implicit: 0, pageLoad: 300000, script: 30000}, unexpectedAlertBehaviour: ignore, unhandledPromptBehavior: ignore, version: 74.0.3729.169, webStorageEnabled: true}
      Session ID: 55fe19d85781b0b23adbbdc05f349bc2
      *** Element info: {Using=xpath, value=//span[@class='uiOutputText'][text()='Your lead has been converted']}
      	at sun.reflect.GeneratedConstructorAccessor61.newInstance(Unknown Source)
      	at sun.reflect.DelegatingConstructorAccessorImpl.newInstance(DelegatingConstructorAccessorImpl.java:45)
      	at java.lang.reflect.Constructor.newInstance(Constructor.java:423)
      	at org.openqa.selenium.remote.ErrorHandler.createThrowable(ErrorHandler.java:214)
      	at org.openqa.selenium.remote.ErrorHandler.throwIfResponseFailed(ErrorHandler.java:166)
      	at org.openqa.selenium.remote.http.JsonHttpResponseCodec.reconstructValue(JsonHttpResponseCodec.java:40)
      	at org.openqa.selenium.remote.http.AbstractHttpResponseCodec.decode(AbstractHttpResponseCodec.java:80)
      	at org.openqa.selenium.remote.http.AbstractHttpResponseCodec.decode(AbstractHttpResponseCodec.java:44)
      	at org.openqa.selenium.remote.HttpCommandExecutor.execute(HttpCommandExecutor.java:158)
      	at org.openqa.selenium.remote.service.DriverCommandExecutor.execute(DriverCommandExecutor.java:83)
      	at org.openqa.selenium.remote.RemoteWebDriver.execute(RemoteWebDriver.java:548)
      	at org.openqa.selenium.remote.RemoteWebDriver.findElement(RemoteWebDriver.java:322)
      	at org.openqa.selenium.remote.RemoteWebDriver.findElementByXPath(RemoteWebDriver.java:424)
      	at org.openqa.selenium.By$ByXPath.findElement(By.java:353)
      	at org.openqa.selenium.remote.RemoteWebDriver.findElement(RemoteWebDriver.java:314)
      	at org.openqa.selenium.support.pagefactory.DefaultElementLocator.findElement(DefaultElementLocator.java:69)
      	at org.openqa.selenium.support.pagefactory.internal.LocatingElementHandler.invoke(LocatingElementHandler.java:38)
      	at com.sun.proxy.$Proxy25.isDisplayed(Unknown Source)
      	at org.openqa.selenium.support.ui.ExpectedConditions.elementIfVisible(ExpectedConditions.java:315)
      	at org.openqa.selenium.support.ui.ExpectedConditions.access$100(ExpectedConditions.java:44)
      	at org.openqa.selenium.support.ui.ExpectedConditions$10.apply(ExpectedConditions.java:301)
      	at org.openqa.selenium.support.ui.ExpectedConditions$10.apply(ExpectedConditions.java:298)
      	at org.openqa.selenium.support.ui.FluentWait.until(FluentWait.java:260)
      	at com.inmarsat.sfdc.pages.TestBase.WaitforElement(TestBase.java:49)
      	at com.inmarsat.sfdc.pages.LeadPage.clickConvertButton(LeadPage.java:427)
      	at com.inmarsat.sfdc.stepdefinitions.LeadStepDefs.i_click_on_converted_button(LeadStepDefs.java:77)
      	at sun.reflect.NativeMethodAccessorImpl.invoke0(Native Method)
      	at sun.reflect.NativeMethodAccessorImpl.invoke(NativeMethodAccessorImpl.java:62)
      	at sun.reflect.DelegatingMethodAccessorImpl.invoke(DelegatingMethodAccessorImpl.java:43)
      	at java.lang.reflect.Method.invoke(Method.java:498)
      	at cucumber.runtime.Utils$1.call(Utils.java:40)
      	at cucumber.runtime.Timeout.timeout(Timeout.java:16)
      	at cucumber.runtime.Utils.invoke(Utils.java:34)
      	at cucumber.runtime.java.JavaStepDefinition.execute(JavaStepDefinition.java:38)
      	at cucumber.runtime.StepDefinitionMatch.runStep(StepDefinitionMatch.java:37)
      	at cucumber.runtime.Runtime.runStep(Runtime.java:300)
      	at cucumber.runtime.model.StepContainer.runStep(StepContainer.java:44)
      	at cucumber.runtime.model.StepContainer.runSteps(StepContainer.java:39)
      	at cucumber.runtime.model.CucumberScenario.run(CucumberScenario.java:44)
      	at cucumber.runtime.model.CucumberFeature.run(CucumberFeature.java:165)
      	at cucumber.api.testng.TestNGCucumberRunner.runCucumber(TestNGCucumberRunner.java:63)
      	at cucumber.api.testng.AbstractTestNGCucumberTests.feature(AbstractTestNGCucumberTests.java:21)
      	at sun.reflect.NativeMethodAccessorImpl.invoke0(Native Method)
      	at sun.reflect.NativeMethodAccessorImpl.invoke(NativeMethodAccessorImpl.java:62)
      	at sun.reflect.DelegatingMethodAccessorImpl.invoke(DelegatingMethodAccessorImpl.java:43)
      	at java.lang.reflect.Method.invoke(Method.java:498)
      	at org.testng.internal.MethodInvocationHelper.invokeMethod(MethodInvocationHelper.java:108)
      	at org.testng.internal.Invoker.invokeMethod(Invoker.java:661)
      	at org.testng.internal.Invoker.invokeTestMethod(Invoker.java:869)
      	at org.testng.internal.Invoker.invokeTestMethods(Invoker.java:1193)
      	at org.testng.internal.TestMethodWorker.invokeTestMethods(TestMethodWorker.java:126)
      	at org.testng.internal.TestMethodWorker.run(TestMethodWorker.java:109)
      	at org.testng.TestRunner.privateRun(TestRunner.java:744)
      	at org.testng.TestRunner.run(TestRunner.java:602)
      	at org.testng.SuiteRunner.runTest(SuiteRunner.java:380)
      	at org.testng.SuiteRunner.access$000(SuiteRunner.java:39)
      	at org.testng.SuiteRunner$SuiteWorker.run(SuiteRunner.java:414)
      	at org.testng.internal.thread.ThreadUtil$1.call(ThreadUtil.java:52)
      	at java.util.concurrent.FutureTask.run(FutureTask.java:266)
      	at java.util.concurrent.ThreadPoolExecutor.runWorker(ThreadPoolExecutor.java:1142)
      	at java.util.concurrent.ThreadPoolExecutor$Worker.run(ThreadPoolExecutor.java:617)
      	at java.lang.Thread.run(Thread.java:745)

    And logout the Application                       # LoginStepDefs.i_logout()

  Background:                                    # Lead.feature:3
    Given user launch the salesforce application # GeneralStepDefs.Launch_Inmarsat_Salesforce_Application()

  @Lead @G2 @LeadConversion @G2LeadConversion
  Scenario: Conversion of Lead                       # Lead.feature:217
    When user able to login                          # LoginStepDefs.user_able_to_login()
    #And the user is a ABU Profile group member
    Then user created the 'New Lead' under lead page # LeadStepDefs.create_lead(DataTable)
    And able to 'convert the lead'                   # LeadStepDefs.i_click_on_converted_button()
      org.openqa.selenium.TimeoutException: Expected condition failed: waiting for visibility of Proxy element for: DefaultElementLocator 'By.xpath: //span[@class='uiOutputText'][text()='Your lead has been converted']' (tried for 120 second(s) with 500 milliseconds interval)
      	at org.openqa.selenium.support.ui.WebDriverWait.timeoutException(WebDriverWait.java:113)
      	at org.openqa.selenium.support.ui.FluentWait.until(FluentWait.java:283)
      	at com.inmarsat.sfdc.pages.TestBase.WaitforElement(TestBase.java:49)
      	at com.inmarsat.sfdc.pages.LeadPage.clickConvertButton(LeadPage.java:427)
      	at com.inmarsat.sfdc.stepdefinitions.LeadStepDefs.i_click_on_converted_button(LeadStepDefs.java:77)
      	at ✽.And able to 'convert the lead'(Lead.feature:223)
      Caused by: org.openqa.selenium.NoSuchElementException: no such element: Unable to locate element: {"method":"xpath","selector":"//span[@class='uiOutputText'][text()='Your lead has been converted']"}
        (Session info: chrome=74.0.3729.169)
        (Driver info: chromedriver=74.0.3729.6 (255758eccf3d244491b8a1317aa76e1ce10d57e9-refs/branch-heads/3729@{#29}),platform=Windows NT 10.0.17134 x86_64) (WARNING: The server did not provide any stacktrace information)
      Command duration or timeout: 0 milliseconds
      For documentation on this error, please visit: http://seleniumhq.org/exceptions/no_such_element.html
      Build info: version: '3.14.0', revision: 'aacccce0', time: '2018-08-02T20:19:58.91Z'
      System info: host: 'QT-INBG-LT0548', ip: '10.20.12.118', os.name: 'Windows 10', os.arch: 'amd64', os.version: '10.0', java.version: '1.8.0_121'
      Driver info: org.openqa.selenium.chrome.ChromeDriver
      Capabilities {acceptInsecureCerts: false, acceptSslCerts: false, applicationCacheEnabled: false, browserConnectionEnabled: false, browserName: chrome, chrome: {chromedriverVersion: 74.0.3729.6 (255758eccf3d24..., userDataDir: C:\Users\CHIRAN~1.HEG\AppDa...}, cssSelectorsEnabled: true, databaseEnabled: false, goog:chromeOptions: {debuggerAddress: localhost:55099}, handlesAlerts: true, hasTouchScreen: false, javascriptEnabled: true, locationContextEnabled: true, mobileEmulationEnabled: false, nativeEvents: true, networkConnectionEnabled: false, pageLoadStrategy: normal, platform: XP, platformName: XP, proxy: Proxy(), rotatable: false, setWindowRect: true, strictFileInteractability: false, takesHeapSnapshot: true, takesScreenshot: true, timeouts: {implicit: 0, pageLoad: 300000, script: 30000}, unexpectedAlertBehaviour: ignore, unhandledPromptBehavior: ignore, version: 74.0.3729.169, webStorageEnabled: true}
      Session ID: 6d7e85a1cc6a06f60f0475c68692c4fa
      *** Element info: {Using=xpath, value=//span[@class='uiOutputText'][text()='Your lead has been converted']}
      	at sun.reflect.GeneratedConstructorAccessor61.newInstance(Unknown Source)
      	at sun.reflect.DelegatingConstructorAccessorImpl.newInstance(DelegatingConstructorAccessorImpl.java:45)
      	at java.lang.reflect.Constructor.newInstance(Constructor.java:423)
      	at org.openqa.selenium.remote.ErrorHandler.createThrowable(ErrorHandler.java:214)
      	at org.openqa.selenium.remote.ErrorHandler.throwIfResponseFailed(ErrorHandler.java:166)
      	at org.openqa.selenium.remote.http.JsonHttpResponseCodec.reconstructValue(JsonHttpResponseCodec.java:40)
      	at org.openqa.selenium.remote.http.AbstractHttpResponseCodec.decode(AbstractHttpResponseCodec.java:80)
      	at org.openqa.selenium.remote.http.AbstractHttpResponseCodec.decode(AbstractHttpResponseCodec.java:44)
      	at org.openqa.selenium.remote.HttpCommandExecutor.execute(HttpCommandExecutor.java:158)
      	at org.openqa.selenium.remote.service.DriverCommandExecutor.execute(DriverCommandExecutor.java:83)
      	at org.openqa.selenium.remote.RemoteWebDriver.execute(RemoteWebDriver.java:548)
      	at org.openqa.selenium.remote.RemoteWebDriver.findElement(RemoteWebDriver.java:322)
      	at org.openqa.selenium.remote.RemoteWebDriver.findElementByXPath(RemoteWebDriver.java:424)
      	at org.openqa.selenium.By$ByXPath.findElement(By.java:353)
      	at org.openqa.selenium.remote.RemoteWebDriver.findElement(RemoteWebDriver.java:314)
      	at org.openqa.selenium.support.pagefactory.DefaultElementLocator.findElement(DefaultElementLocator.java:69)
      	at org.openqa.selenium.support.pagefactory.internal.LocatingElementHandler.invoke(LocatingElementHandler.java:38)
      	at com.sun.proxy.$Proxy25.isDisplayed(Unknown Source)
      	at org.openqa.selenium.support.ui.ExpectedConditions.elementIfVisible(ExpectedConditions.java:315)
      	at org.openqa.selenium.support.ui.ExpectedConditions.access$100(ExpectedConditions.java:44)
      	at org.openqa.selenium.support.ui.ExpectedConditions$10.apply(ExpectedConditions.java:301)
      	at org.openqa.selenium.support.ui.ExpectedConditions$10.apply(ExpectedConditions.java:298)
      	at org.openqa.selenium.support.ui.FluentWait.until(FluentWait.java:260)
      	at com.inmarsat.sfdc.pages.TestBase.WaitforElement(TestBase.java:49)
      	at com.inmarsat.sfdc.pages.LeadPage.clickConvertButton(LeadPage.java:427)
      	at com.inmarsat.sfdc.stepdefinitions.LeadStepDefs.i_click_on_converted_button(LeadStepDefs.java:77)
      	at sun.reflect.NativeMethodAccessorImpl.invoke0(Native Method)
      	at sun.reflect.NativeMethodAccessorImpl.invoke(NativeMethodAccessorImpl.java:62)
      	at sun.reflect.DelegatingMethodAccessorImpl.invoke(DelegatingMethodAccessorImpl.java:43)
      	at java.lang.reflect.Method.invoke(Method.java:498)
      	at cucumber.runtime.Utils$1.call(Utils.java:40)
      	at cucumber.runtime.Timeout.timeout(Timeout.java:16)
      	at cucumber.runtime.Utils.invoke(Utils.java:34)
      	at cucumber.runtime.java.JavaStepDefinition.execute(JavaStepDefinition.java:38)
      	at cucumber.runtime.StepDefinitionMatch.runStep(StepDefinitionMatch.java:37)
      	at cucumber.runtime.Runtime.runStep(Runtime.java:300)
      	at cucumber.runtime.model.StepContainer.runStep(StepContainer.java:44)
      	at cucumber.runtime.model.StepContainer.runSteps(StepContainer.java:39)
      	at cucumber.runtime.model.CucumberScenario.run(CucumberScenario.java:44)
      	at cucumber.runtime.model.CucumberFeature.run(CucumberFeature.java:165)
      	at cucumber.api.testng.TestNGCucumberRunner.runCucumber(TestNGCucumberRunner.java:63)
      	at cucumber.api.testng.AbstractTestNGCucumberTests.feature(AbstractTestNGCucumberTests.java:21)
      	at sun.reflect.NativeMethodAccessorImpl.invoke0(Native Method)
      	at sun.reflect.NativeMethodAccessorImpl.invoke(NativeMethodAccessorImpl.java:62)
      	at sun.reflect.DelegatingMethodAccessorImpl.invoke(DelegatingMethodAccessorImpl.java:43)
      	at java.lang.reflect.Method.invoke(Method.java:498)
      	at org.testng.internal.MethodInvocationHelper.invokeMethod(MethodInvocationHelper.java:108)
      	at org.testng.internal.Invoker.invokeMethod(Invoker.java:661)
      	at org.testng.internal.Invoker.invokeTestMethod(Invoker.java:869)
      	at org.testng.internal.Invoker.invokeTestMethods(Invoker.java:1193)
      	at org.testng.internal.TestMethodWorker.invokeTestMethods(TestMethodWorker.java:126)
      	at org.testng.internal.TestMethodWorker.run(TestMethodWorker.java:109)
      	at org.testng.TestRunner.privateRun(TestRunner.java:744)
      	at org.testng.TestRunner.run(TestRunner.java:602)
      	at org.testng.SuiteRunner.runTest(SuiteRunner.java:380)
      	at org.testng.SuiteRunner.access$000(SuiteRunner.java:39)
      	at org.testng.SuiteRunner$SuiteWorker.run(SuiteRunner.java:414)
      	at org.testng.internal.thread.ThreadUtil$1.call(ThreadUtil.java:52)
      	at java.util.concurrent.FutureTask.run(FutureTask.java:266)
      	at java.util.concurrent.ThreadPoolExecutor.runWorker(ThreadPoolExecutor.java:1142)
      	at java.util.concurrent.ThreadPoolExecutor$Worker.run(ThreadPoolExecutor.java:617)
      	at java.lang.Thread.run(Thread.java:745)

    And logout the Application                       # LoginStepDefs.i_logout()
